<?xml version="1.0" encoding="UTF-8"?>
<!-- Generated by org.testng.reporters.JUnitReportReporter -->
<testsuite skipped="0" hostname="FDell" name="hw15SeleniumTestNg.Hw15TestNg" tests="4" failures="0" timestamp="2022-08-02T22:16:12 EDT" time="17.395" errors="0">
  <testcase name="getAttributeTest" time="0.071" classname="hw15SeleniumTestNg.Hw15TestNg"/>
  <system-out/>
  <testcase name="sendKeysTest" time="5.037" classname="hw15SeleniumTestNg.Hw15TestNg"/>
  <system-out/>
  <testcase name="currentPageUrlTest" time="7.202" classname="hw15SeleniumTestNg.Hw15TestNg"/>
  <system-out/>
  <testcase name="getTextOfActalent" time="5.085" classname="hw15SeleniumTestNg.Hw15TestNg"/>
  <system-out/>
</testsuite> <!-- hw15SeleniumTestNg.Hw15TestNg -->
